<?xml version="1.0" encoding="UTF-8" ?>
<testsuite errors="0" failures="1" hostname="YUHMA-CN" name="UITestCases.MigrateJobs.StartJobConcurrentlyAnotherUser" skipped="0" tests="1" time="71.894" timestamp="2017-06-15T08:28:01">
  <properties>
    <property name="java.vendor" value="Oracle Corporation" />
    <property name="env.USERDOMAIN_ROAMINGPROFILE" value="YUHMA-CN" />
    <property name="env.DEFLOGDIR" value="C:\ProgramData\McAfee\DesktopProtection" />
    <property name="sun.java.launcher" value="SUN_STANDARD" />
    <property name="env.OATS_HOME" value="C:\OracleATS" />
    <property name="eclipse.pdebuild.templates" value="/D:/Software/eclipse-jee-mars-R-win32-x86_64/eclipse/plugins/org.eclipse.pde.build_3.9.100.v20150521-1524/templates/" />
    <property name="sun.management.compiler" value="HotSpot 64-Bit Tiered Compilers" />
    <property name="env.PROMPT" value="$P$G" />
    <property name="os.name" value="Windows 7" />
    <property name="env.FP_NO_HOST_CHECK" value="NO" />
    <property name="sun.boot.class.path" value="C:\Program Files\Java\jdk1.8.0_112\jre\lib\resources.jar;C:\Program Files\Java\jdk1.8.0_112\jre\lib\rt.jar;C:\Program Files\Java\jdk1.8.0_112\jre\lib\sunrsasign.jar;C:\Program Files\Java\jdk1.8.0_112\jre\lib\jsse.jar;C:\Program Files\Java\jdk1.8.0_112\jre\lib\jce.jar;C:\Program Files\Java\jdk1.8.0_112\jre\lib\charsets.jar;C:\Program Files\Java\jdk1.8.0_112\jre\lib\jfr.jar;C:\Program Files\Java\jdk1.8.0_112\jre\classes" />
    <property name="env.COMPUTERNAME" value="YUHMA-CN" />
    <property name="env.CommonProgramW6432" value="C:\Program Files\Common Files" />
    <property name="env.DB_USER" value="system" />
    <property name="env.ALLUSERSPROFILE" value="C:\ProgramData" />
    <property name="sun.desktop" value="windows" />
    <property name="java.vm.specification.vendor" value="Oracle Corporation" />
    <property name="ant.home" value="D:\Software\eclipse-jee-mars-R-win32-x86_64\eclipse\plugins\org.apache.ant_1.9.4.v201504302020" />
    <property name="java.runtime.version" value="1.8.0_112-b15" />
    <property name="env.HOMEPATH" value="\Users\yuhma" />
    <property name="user.name" value="yuhma" />
    <property name="env.DB_URL" value="jdbc:oracle:thin:@//localhost:1521/XE" />
    <property name="user.language" value="zh" />
    <property name="env.DB_NAME" value="XE" />
    <property name="env.windows_tracing_flags" value="3" />
    <property name="env.DB_PASS" value="welcome1" />
    <property name="sun.boot.library.path" value="C:\Program Files\Java\jdk1.8.0_112\jre\bin" />
    <property name="ant.project.default-target" value="zapiTest" />
    <property name="ant.project.name" value="DBMS" />
    <property name="java.version" value="1.8.0_112" />
    <property name="env.PROCESSOR_IDENTIFIER" value="Intel64 Family 6 Model 60 Stepping 3, GenuineIntel" />
    <property name="user.timezone" value="" />
    <property name="env.MW_HOME" value="C:\OracleATS\wls" />
    <property name="env.TEMP" value="C:\Users\yuhma\AppData\Local\Temp" />
    <property name="sun.arch.data.model" value="64" />
    <property name="java.endorsed.dirs" value="C:\Program Files\Java\jdk1.8.0_112\jre\lib\endorsed" />
    <property name="env.VSEDEFLOGDIR" value="C:\ProgramData\McAfee\DesktopProtection" />
    <property name="sun.cpu.isalist" value="amd64" />
    <property name="env.HOMEDRIVE" value="C:" />
    <property name="sun.jnu.encoding" value="GBK" />
    <property name="file.encoding.pkg" value="sun.io" />
    <property name="ECLIPSE_HOME" value="../../Software/eclipse-jee-mars-R-win32-x86_64/eclipse/" />
    <property name="file.separator" value="\" />
    <property name="java.specification.name" value="Java Platform API Specification" />
    <property name="java.class.version" value="52.0" />
    <property name="user.country" value="CN" />
    <property name="java.home" value="C:\Program Files\Java\jdk1.8.0_112\jre" />
    <property name="env.PSModulePath" value="C:\windows\system32\WindowsPowerShell\v1.0\Modules\" />
    <property name="env.APPDATA" value="C:\Users\yuhma\AppData\Roaming" />
    <property name="env.PUBLIC" value="C:\Users\Public" />
    <property name="env.windows_tracing_logfile" value="C:\BVTBin\Tests\installpackage\csilogfile.log" />
    <property name="java.vm.info" value="mixed mode" />
    <property name="env.ComSpec" value="C:\windows\system32\cmd.exe" />
    <property name="env.OS" value="Windows_NT" />
    <property name="env.CommonProgramFiles" value="C:\Program Files\Common Files" />
    <property name="ant.file" value="D:\OMS\UI0615\migration-services-ui\qa\OMSUIAutomation\build.xml" />
    <property name="os.version" value="6.1" />
    <property name="env.ProgramW6432" value="C:\Program Files" />
    <property name="path.separator" value=";" />
    <property name="java.vm.version" value="25.112-b15" />
    <property name="user.variant" value="" />
    <property name="env.USERPROFILE" value="C:\Users\yuhma" />
    <property name="ant.library.dir" value="D:\Software\eclipse-jee-mars-R-win32-x86_64\eclipse\plugins\org.apache.ant_1.9.4.v201504302020\lib" />
    <property name="junit.output.dir" value="junit" />
    <property name="env.JAVA_HOME" value="C:\Program Files\Java\jdk1.8.0_112" />
    <property name="java.awt.printerjob" value="sun.awt.windows.WPrinterJob" />
    <property name="env.TMP" value="C:\Users\yuhma\AppData\Local\Temp" />
    <property name="sun.io.unicode.encoding" value="UnicodeLittle" />
    <property name="awt.toolkit" value="sun.awt.windows.WToolkit" />
    <property name="user.script" value="" />
    <property name="eclipse.pdebuild.scripts" value="/D:/Software/eclipse-jee-mars-R-win32-x86_64/eclipse/plugins/org.eclipse.pde.build_3.9.100.v20150521-1524/scripts/" />
    <property name="user.home" value="C:\Users\yuhma" />
    <property name="target" value="1.7" />
    <property name="env.ProgramData" value="C:\ProgramData" />
    <property name="env.ProgramFiles(x86)" value="C:\Program Files (x86)" />
    <property name="env.SESSIONNAME" value="Console" />
    <property name="env.DB_HOST" value="localhost" />
    <property name="java.specification.vendor" value="Oracle Corporation" />
    <property name="java.vendor.url" value="http://java.oracle.com/" />
    <property name="java.library.path" value="C:\Program Files\Java\jdk1.8.0_112\jre\bin;C:\windows\Sun\Java\bin;C:\windows\system32;C:\windows;C:/Program Files/Java/jdk1.8.0_112/bin/../jre/bin/server;C:/Program Files/Java/jdk1.8.0_112/bin/../jre/bin;C:/Program Files/Java/jdk1.8.0_112/bin/../jre/lib/amd64;C:\OracleATS\oxe\app\oracle\product\11.2.0\server\bin;;C:\windows\system32;C:\windows;C:\windows\System32\Wbem;C:\windows\System32\WindowsPowerShell\v1.0\;C:\Program Files (x86)\VisualSVN Server\bin;C:\Program Files\TortoiseSVN\bin;C:\Program Files\MySQL\MySQL Server 5.1\bin;C:\Program Files\Java\jdk1.8.0_112\bin;D:\Software\apache-ant-1.9.6\bin;C:\Program Files (x86)\QuickTime\QTSystem\;C:\Program Files (x86)\Sikuli\tmplib;C:\opscode\inspec\bin\;C:\apache-maven-3.3.9\bin;C:\Users\yuhma\AppData\Local\Programs\Python\Python36-32\Scripts\;C:\Users\yuhma\AppData\Local\Programs\Python\Python36-32\;D:\Software\eclipse-jee-mars-R-win32-x86_64\eclipse;;." />
    <property name="env.NUMBER_OF_PROCESSORS" value="8" />
    <property name="java.vm.vendor" value="Oracle Corporation" />
    <property name="java.runtime.name" value="Java(TM) SE Runtime Environment" />
    <property name="java.class.path" value="D:\OMS\UI0615\migration-services-ui\qa\OMSUIAutomation\bin;D:\OMS\UI0615\migration-services-ui\qa\OMSUIAutomation\lib\hamcrest-core-1.3.jar;D:\OMS\UI0615\migration-services-ui\qa\OMSUIAutomation\lib\hamcrest-core-1.3-javadoc.jar;D:\OMS\UI0615\migration-services-ui\qa\OMSUIAutomation\lib\hamcrest-core-1.3-sources.jar;D:\OMS\UI0615\migration-services-ui\qa\OMSUIAutomation\lib\junit-4.11.jar;D:\OMS\UI0615\migration-services-ui\qa\OMSUIAutomation\lib\junit-4.11-javadoc.jar;D:\OMS\UI0615\migration-services-ui\qa\OMSUIAutomation\lib\junit-4.11-sources.jar;D:\OMS\UI0615\migration-services-ui\qa\OMSUIAutomation\lib\jsch-0.1.51.jar;D:\OMS\UI0615\migration-services-ui\qa\OMSUIAutomation\lib\log4j-1.2.17.jar;D:\OMS\UI0615\migration-services-ui\qa\OMSUIAutomation\lib\mysql-connector-java-5.1.18-bin.jar;D:\OMS\UI0615\migration-services-ui\qa\OMSUIAutomation\lib\ganymed-ssh2.jar;D:\OMS\UI0615\migration-services-ui\qa\OMSUIAutomation\lib\selenium-server-standalone-3.3.1.jar;D:\OMS\UI0615\migration-services-ui\qa\OMSUIAutomation\lib\java-json.jar;D:\OMS\UI0615\migration-services-ui\qa\OMSUIAutomation\lib\jsoup-1.10.2.jar;D:\OMS\UI0615\migration-services-ui\qa\OMSUIAutomation\lib\javacsv-2.0.jar;D:\Software\eclipse-jee-mars-R-win32-x86_64\eclipse\plugins\org.apache.ant_1.9.4.v201504302020\lib\ant-launcher.jar;D:\Software\eclipse-jee-mars-R-win32-x86_64\eclipse\plugins\org.apache.ant_1.9.4.v201504302020\lib\ant.jar;D:\Software\eclipse-jee-mars-R-win32-x86_64\eclipse\plugins\org.apache.ant_1.9.4.v201504302020\lib\ant-junit.jar;D:\Software\eclipse-jee-mars-R-win32-x86_64\eclipse\plugins\org.apache.ant_1.9.4.v201504302020\lib\ant-junit4.jar" />
    <property name="sun.java.command" value="org.apache.tools.ant.taskdefs.optional.junit.JUnitTestRunner UITestCases.MigrateJobs.StartJobConcurrentlyAnotherUser skipNonTests=false filtertrace=true haltOnError=false haltOnFailure=false formatter=org.apache.tools.ant.taskdefs.optional.junit.OutErrSummaryJUnitResultFormatter showoutput=false outputtoformatters=true logfailedtests=true threadid=0 logtestlistenerevents=false formatter=org.apache.tools.ant.taskdefs.optional.junit.XMLJUnitResultFormatter,D:\OMS\UI0615\migration-services-ui\qa\OMSUIAutomation\junit\TEST-UITestCases.MigrateJobs.StartJobConcurrentlyAnotherUser.xml crashfile=D:\OMS\UI0615\migration-services-ui\qa\OMSUIAutomation\junitvmwatcher92637233918181288.properties propsfile=D:\OMS\UI0615\migration-services-ui\qa\OMSUIAutomation\junit5856055471991456828.properties" />
    <property name="ant.version" value="Apache Ant(TM) version 1.9.4 compiled on April 29 2014" />
    <property name="java.vm.specification.name" value="Java Virtual Machine Specification" />
    <property name="env.LOGONSERVER" value="\\YUHMA-CN" />
    <property name="env.windir" value="C:\windows" />
    <property name="java.vm.specification.version" value="1.8" />
    <property name="env.PROCESSOR_ARCHITECTURE" value="AMD64" />
    <property name="sun.os.patch.level" value="Service Pack 1" />
    <property name="sun.cpu.endian" value="little" />
    <property name="debuglevel" value="source,lines,vars" />
    <property name="env.ProgramFiles" value="C:\Program Files" />
    <property name="env.ANT_HOME" value="D:\Software\eclipse-jee-mars-R-win32-x86_64\eclipse\plugins\org.apache.ant_1.9.4.v201504302020" />
    <property name="java.io.tmpdir" value="C:\Users\yuhma\AppData\Local\Temp\" />
    <property name="eclipse.pdebuild.home" value="/D:/Software/eclipse-jee-mars-R-win32-x86_64/eclipse/plugins/org.eclipse.pde.build_3.9.100.v20150521-1524/./" />
    <property name="env.PROCESSOR_REVISION" value="3c03" />
    <property name="env.CommonProgramFiles(x86)" value="C:\Program Files (x86)\Common Files" />
    <property name="java.vendor.url.bug" value="http://bugreport.sun.com/bugreport/" />
    <property name="env.SystemRoot" value="C:\windows" />
    <property name="os.arch" value="amd64" />
    <property name="java.awt.graphicsenv" value="sun.awt.Win32GraphicsEnvironment" />
    <property name="env.WLS_PW" value="welcome1" />
    <property name="env.WL_HOME" value="C:\OracleATS\wls\wlserver" />
    <property name="java.ext.dirs" value="C:\Program Files\Java\jdk1.8.0_112\jre\lib\ext;C:\windows\Sun\Java\lib\ext" />
    <property name="user.dir" value="D:\OMS\UI0615\migration-services-ui\qa\OMSUIAutomation" />
    <property name="env.LOCALAPPDATA" value="C:\Users\yuhma\AppData\Local" />
    <property name="line.separator" value="&#xd;&#xa;" />
    <property name="java.vm.name" value="Java HotSpot(TM) 64-Bit Server VM" />
    <property name="env.PATHEXT" value=".COM;.EXE;.BAT;.CMD;.VBS;.VBE;.JS;.JSE;.WSF;.WSH;.MSC" />
    <property name="env.Path" value="C:/Program Files/Java/jdk1.8.0_112/bin/../jre/bin/server;C:/Program Files/Java/jdk1.8.0_112/bin/../jre/bin;C:/Program Files/Java/jdk1.8.0_112/bin/../jre/lib/amd64;C:\OracleATS\oxe\app\oracle\product\11.2.0\server\bin;;C:\windows\system32;C:\windows;C:\windows\System32\Wbem;C:\windows\System32\WindowsPowerShell\v1.0\;C:\Program Files (x86)\VisualSVN Server\bin;C:\Program Files\TortoiseSVN\bin;C:\Program Files\MySQL\MySQL Server 5.1\bin;C:\Program Files\Java\jdk1.8.0_112\bin;D:\Software\apache-ant-1.9.6\bin;C:\Program Files (x86)\QuickTime\QTSystem\;C:\Program Files (x86)\Sikuli\tmplib;C:\opscode\inspec\bin\;C:\apache-maven-3.3.9\bin;C:\Users\yuhma\AppData\Local\Programs\Python\Python36-32\Scripts\;C:\Users\yuhma\AppData\Local\Programs\Python\Python36-32\;D:\Software\eclipse-jee-mars-R-win32-x86_64\eclipse;" />
    <property name="basedir" value="D:\OMS\UI0615\migration-services-ui\qa\OMSUIAutomation" />
    <property name="env.VISUALSVN_SERVER" value="C:\Program Files (x86)\VisualSVN Server\" />
    <property name="ant.java.version" value="1.8" />
    <property name="ant.core.lib" value="D:\Software\eclipse-jee-mars-R-win32-x86_64\eclipse\plugins\org.apache.ant_1.9.4.v201504302020\lib\ant.jar" />
    <property name="env.USERNAME" value="yuhma" />
    <property name="env.SystemDrive" value="C:" />
    <property name="source" value="1.7" />
    <property name="file.encoding" value="GBK" />
    <property name="env.USERDOMAIN" value="YUHMA-CN" />
    <property name="ant.file.DBMS" value="D:\OMS\UI0615\migration-services-ui\qa\OMSUIAutomation\build.xml" />
    <property name="env.HELPER_SERVICE_PORT" value="7979" />
    <property name="env.DB_PORT" value="1521" />
    <property name="java.specification.version" value="1.8" />
    <property name="ant.file.type.DBMS" value="file" />
    <property name="ant.project.invoked-targets" value="zapiTest" />
    <property name="env.PROCESSOR_LEVEL" value="6" />
  </properties>
  <testcase classname="UITestCases.MigrateJobs.StartJobConcurrentlyAnotherUser" name="test" time="63.43">
    <failure type="junit.framework.AssertionFailedError">junit.framework.AssertionFailedError
	at framework.sharedFunctions.Finish.fail1(Finish.java:45)
	at UITestCases.BaseTestCase.fail1(BaseTestCase.java:149)
	at UITestCases.MigrateJobs.StartJobConcurrentlyAnotherUser.test(StartJobConcurrentlyAnotherUser.java:199)
</failure>
  </testcase>
  <system-out><![CDATA[16:28:01.523 [main] framework.global.Configuration.init(Configuration.java:63)evel Oracle Migration Service Cloud Auto Initializing...
16:28:01.536 [main] framework.global.Configuration.parseXML(Configuration.java:774)evel Reading omscle Migration Service Cloud server and Hardware info...
16:28:01.538 [main] framework.global.Configuration.parseXML(Configuration.java:804)evel ServerConfig.xml is parsed successfully.
16:28:01.538 [main] framework.global.Configuration.getlibrarydata(Configuration.java:960)evel Set omscSrvConfig successfully.
16:28:01.539 [main] framework.global.Configuration.getdrivedata(Configuration.java:1016)evel Set Drives omscDrives[][] successfully.
16:28:01.539 [main] framework.global.Configuration.getvolumedata(Configuration.java:1071)evel Set Volumes omscVolumes[][] successfully.
16:28:01.582 [main] framework.sharedFunctions.Initialize.init(Initialize.java:34)evel OmscAuto Initializing...
16:28:01.585 [main] framework.global.Configuration.init(Configuration.java:63)evel Oracle Migration Service Cloud Auto Initializing...
16:28:01.590 [main] framework.global.Configuration.parseXML(Configuration.java:774)evel Reading omscle Migration Service Cloud server and Hardware info...
16:28:01.590 [main] framework.global.Configuration.parseXML(Configuration.java:804)evel ServerConfig.xml is parsed successfully.
16:28:01.591 [main] framework.global.Configuration.getlibrarydata(Configuration.java:960)evel Set omscSrvConfig successfully.
16:28:01.591 [main] framework.global.Configuration.getdrivedata(Configuration.java:1016)evel Set Drives omscDrives[][] successfully.
16:28:01.591 [main] framework.global.Configuration.getvolumedata(Configuration.java:1071)evel Set Volumes omscVolumes[][] successfully.
16:28:01.591 [main] UITestCases.MigrateJobs.StartJobConcurrentlyAnotherUser.setUpBeforeClass(StartJobConcurrentlyAnotherUser.java:32)evel Open Oracle Migration Service page:
16:28:10.044 [main] UITestCases.MigrateJobs.StartJobConcurrentlyAnotherUser.test(StartJobConcurrentlyAnotherUser.java:72)evel Log in OMS
16:28:10.045 [main] framework.objects.OMSSrvConfig.getUIAnotherUserUserName(OMSSrvConfig.java:203)evel Get UIAnotherUserUserName <demouser2> successfully.
16:28:10.150 [main] framework.objects.OMSSrvConfig.getUIAnotherUserPassword(OMSSrvConfig.java:212)evel Get UIAnotherUserPassword <welcome1> successfully.
16:28:15.308 [main] UITestCases.MigrateJobs.StartJobConcurrentlyAnotherUser.test(StartJobConcurrentlyAnotherUser.java:77)evel Go to Migration Jobs page
16:28:20.380 [main] UITestCases.MigrateJobs.StartJobConcurrentlyAnotherUser.test(StartJobConcurrentlyAnotherUser.java:82)evel New One Migration Job
16:28:20.444 [main] UITestCases.MigrateJobs.StartJobConcurrentlyAnotherUser.test(StartJobConcurrentlyAnotherUser.java:86)evel Input Job Details
16:28:21.016 [main] UITestCases.MigrateJobs.StartJobConcurrentlyAnotherUser.test(StartJobConcurrentlyAnotherUser.java:92)evel Input Source Information
16:28:21.427 [main] UITestCases.MigrateJobs.StartJobConcurrentlyAnotherUser.test(StartJobConcurrentlyAnotherUser.java:98)evel Select one more schema
16:29:06.787 [main] exception.UnExpectedException.<init>(UnExpectedException.java:19)evel Errors on verification.
16:29:06.787 [main] exception.UnExpectedException.<init>(UnExpectedException.java:20)evel 20170615-162906_UITestCases.MigrateJobs.StartJobConcurrentlyAnotherUser.png
16:29:06.789 [main] exception.UnExpectedException.<init>(UnExpectedException.java:21)evel no such element: Unable to locate element: {"method":"xpath","selector":".//*[@id='source_schema_List']/tbody/tr[1]/td[3]"}
  (Session info: chrome=58.0.3029.110)
  (Driver info: chromedriver=2.28.455520 (cc17746adff54984afff480136733114c6b3704b),platform=Windows NT 6.1.7601 SP1 x86_64) (WARNING: The server did not provide any stacktrace information)
Command duration or timeout: 30.02 seconds
For documentation on this error, please visit: http://seleniumhq.org/exceptions/no_such_element.html
Build info: version: '3.3.1', revision: '5234b32', time: '2017-03-10 09:04:52 -0800'
System info: host: 'YUHMA-CN', ip: '10.182.37.107', os.name: 'Windows 7', os.arch: 'amd64', os.version: '6.1', java.version: '1.8.0_112'
Driver info: org.openqa.selenium.chrome.ChromeDriver
Capabilities [{applicationCacheEnabled=false, rotatable=false, mobileEmulationEnabled=false, networkConnectionEnabled=false, chrome={chromedriverVersion=2.28.455520 (cc17746adff54984afff480136733114c6b3704b), userDataDir=C:\Users\yuhma\AppData\Local\Temp\scoped_dir33960_2175}, takesHeapSnapshot=true, pageLoadStrategy=normal, databaseEnabled=false, handlesAlerts=true, hasTouchScreen=false, version=58.0.3029.110, platform=XP, browserConnectionEnabled=false, nativeEvents=true, acceptSslCerts=true, locationContextEnabled=true, webStorageEnabled=true, browserName=chrome, takesScreenshot=true, javascriptEnabled=true, cssSelectorsEnabled=true, unexpectedAlertBehaviour=}]
Session ID: 5709adc6a266fb5d3a8a533277548aa7
*** Element info: {Using=xpath, value=.//*[@id='source_schema_List']/tbody/tr[1]/td[3]}
org.openqa.selenium.NoSuchElementException: no such element: Unable to locate element: {"method":"xpath","selector":".//*[@id='source_schema_List']/tbody/tr[1]/td[3]"}
  (Session info: chrome=58.0.3029.110)
  (Driver info: chromedriver=2.28.455520 (cc17746adff54984afff480136733114c6b3704b),platform=Windows NT 6.1.7601 SP1 x86_64) (WARNING: The server did not provide any stacktrace information)
Command duration or timeout: 30.02 seconds
For documentation on this error, please visit: http://seleniumhq.org/exceptions/no_such_element.html
Build info: version: '3.3.1', revision: '5234b32', time: '2017-03-10 09:04:52 -0800'
System info: host: 'YUHMA-CN', ip: '10.182.37.107', os.name: 'Windows 7', os.arch: 'amd64', os.version: '6.1', java.version: '1.8.0_112'
Driver info: org.openqa.selenium.chrome.ChromeDriver
Capabilities [{applicationCacheEnabled=false, rotatable=false, mobileEmulationEnabled=false, networkConnectionEnabled=false, chrome={chromedriverVersion=2.28.455520 (cc17746adff54984afff480136733114c6b3704b), userDataDir=C:\Users\yuhma\AppData\Local\Temp\scoped_dir33960_2175}, takesHeapSnapshot=true, pageLoadStrategy=normal, databaseEnabled=false, handlesAlerts=true, hasTouchScreen=false, version=58.0.3029.110, platform=XP, browserConnectionEnabled=false, nativeEvents=true, acceptSslCerts=true, locationContextEnabled=true, webStorageEnabled=true, browserName=chrome, takesScreenshot=true, javascriptEnabled=true, cssSelectorsEnabled=true, unexpectedAlertBehaviour=}]
Session ID: 5709adc6a266fb5d3a8a533277548aa7
*** Element info: {Using=xpath, value=.//*[@id='source_schema_List']/tbody/tr[1]/td[3]}
	at sun.reflect.NativeConstructorAccessorImpl.newInstance0(Native Method)
	at sun.reflect.NativeConstructorAccessorImpl.newInstance(NativeConstructorAccessorImpl.java:62)
	at sun.reflect.DelegatingConstructorAccessorImpl.newInstance(DelegatingConstructorAccessorImpl.java:45)
	at java.lang.reflect.Constructor.newInstance(Constructor.java:423)
	at org.openqa.selenium.remote.ErrorHandler.createThrowable(ErrorHandler.java:216)
	at org.openqa.selenium.remote.ErrorHandler.throwIfResponseFailed(ErrorHandler.java:168)
	at org.openqa.selenium.remote.RemoteWebDriver.execute(RemoteWebDriver.java:638)
	at org.openqa.selenium.remote.RemoteWebDriver.findElement(RemoteWebDriver.java:371)
	at org.openqa.selenium.remote.RemoteWebDriver.findElementByXPath(RemoteWebDriver.java:476)
	at org.openqa.selenium.By$ByXPath.findElement(By.java:361)
	at org.openqa.selenium.remote.RemoteWebDriver.findElement(RemoteWebDriver.java:363)
	at framework.sharedFunctions.MigrateJobs.checkPDBADMINSchema(MigrateJobs.java:345)
	at UITestCases.MigrateJobs.StartJobConcurrentlyAnotherUser.test(StartJobConcurrentlyAnotherUser.java:104)
	at sun.reflect.NativeMethodAccessorImpl.invoke0(Native Method)
	at sun.reflect.NativeMethodAccessorImpl.invoke(NativeMethodAccessorImpl.java:62)
	at sun.reflect.DelegatingMethodAccessorImpl.invoke(DelegatingMethodAccessorImpl.java:43)
	at java.lang.reflect.Method.invoke(Method.java:498)
	at org.junit.runners.model.FrameworkMethod$1.runReflectiveCall(FrameworkMethod.java:47)
	at org.junit.internal.runners.model.ReflectiveCallable.run(ReflectiveCallable.java:12)
	at org.junit.runners.model.FrameworkMethod.invokeExplosively(FrameworkMethod.java:44)
	at org.junit.internal.runners.statements.InvokeMethod.evaluate(InvokeMethod.java:17)
	at org.junit.internal.runners.statements.RunBefores.evaluate(RunBefores.java:26)
	at org.junit.runners.ParentRunner.runLeaf(ParentRunner.java:271)
	at org.junit.runners.BlockJUnit4ClassRunner.runChild(BlockJUnit4ClassRunner.java:70)
	at org.junit.runners.BlockJUnit4ClassRunner.runChild(BlockJUnit4ClassRunner.java:50)
	at org.junit.runners.ParentRunner$3.run(ParentRunner.java:238)
	at org.junit.runners.ParentRunner$1.schedule(ParentRunner.java:63)
	at org.junit.runners.ParentRunner.runChildren(ParentRunner.java:236)
	at org.junit.runners.ParentRunner.access$000(ParentRunner.java:53)
	at org.junit.runners.ParentRunner$2.evaluate(ParentRunner.java:229)
	at org.junit.internal.runners.statements.RunBefores.evaluate(RunBefores.java:26)
	at org.junit.runners.ParentRunner.run(ParentRunner.java:309)
	at junit.framework.JUnit4TestAdapter.run(JUnit4TestAdapter.java:38)
	at org.apache.tools.ant.taskdefs.optional.junit.JUnitTestRunner.run(JUnitTestRunner.java:532)
	at org.apache.tools.ant.taskdefs.optional.junit.JUnitTestRunner.launch(JUnitTestRunner.java:1179)
	at org.apache.tools.ant.taskdefs.optional.junit.JUnitTestRunner.main(JUnitTestRunner.java:1030)
]]></system-out>
  <system-err><![CDATA[Starting ChromeDriver 2.28.455520 (cc17746adff54984afff480136733114c6b3704b) on port 28506
Only local connections are allowed.
六月 15, 2017 4:28:01 下午 org.openqa.selenium.remote.ProtocolHandshake createSession
信息: Detected dialect: OSS
log4j:WARN No appenders could be found for logger (framework.objects.CommonVariables).
log4j:WARN Please initialize the log4j system properly.
log4j:WARN See http://logging.apache.org/log4j/1.2/faq.html#noconfig for more info.
]]></system-err>
</testsuite>
